<?xml version="1.0" encoding="UTF-8"?>
<testsuite xmlns:xsi="http://www.w3.org/2001/XMLSchema-instance" xsi:noNamespaceSchemaLocation="https://maven.apache.org/surefire/maven-surefire-plugin/xsd/surefire-test-report-3.0.xsd" version="3.0" name="com.fiap.soat.foodsystem.FoodSystemApplicationTests" time="2.46" tests="1" errors="0" skipped="0" failures="0">
  <properties>
[...]
</properties>
  <testcase name="contextLoads" classname="com.fiap.soat.foodsystem.FoodSystemApplicationTests" time="0.27">
    <system-out><![CDATA[22:47:11.856 [main] INFO org.springframework.test.context.support.AnnotationConfigContextLoaderUtils -- Could not detect default configuration classes for test class [com.fiap.soat.foodsystem.FoodSystemApplicationTests]: FoodSystemApplicationTests does not declare any static, non-private, non-final, nested classes annotated with @Configuration.
22:47:11.895 [main] INFO org.springframework.boot.test.context.SpringBootTestContextBootstrapper -- Found @SpringBootConfiguration com.fiap.soat.foodsystem.FoodSystemApplication for test class com.fiap.soat.foodsystem.FoodSystemApplicationTests
22:47:11.955 [main] INFO org.springframework.boot.devtools.restart.RestartApplicationListener -- Restart disabled due to context in which it is running

  .   ____          _            __ _ _
 /\\ / ___'_ __ _ _(_)_ __  __ _ \ \ \ \
( ( )\___ | '_ | '_| | '_ \/ _` | \ \ \ \
 \\/  ___)| |_)| | | | | || (_| |  ) ) ) )
  '  |____| .__|_| |_|_| |_\__, | / / / /
 =========|_|==============|___/=/_/_/_/
 :: Spring Boot ::                (v3.2.5)

2024-05-09T22:47:12.056-03:00  INFO 14829 --- [food-system] [           main] c.f.s.f.FoodSystemApplicationTests       : Starting FoodSystemApplicationTests using Java 17.0.10 with PID 14829 (started by eduardo in /home/eduardo/eclipse-workspace/food-system)
2024-05-09T22:47:12.057-03:00  INFO 14829 --- [food-system] [           main] c.f.s.f.FoodSystemApplicationTests       : No active profile set, falling back to 1 default profile: "default"
2024-05-09T22:47:12.445-03:00  INFO 14829 --- [food-system] [           main] .s.d.r.c.RepositoryConfigurationDelegate : Bootstrapping Spring Data JPA repositories in DEFAULT mode.
2024-05-09T22:47:12.468-03:00  INFO 14829 --- [food-system] [           main] .s.d.r.c.RepositoryConfigurationDelegate : Finished Spring Data repository scanning in 19 ms. Found 1 JPA repository interface.
2024-05-09T22:47:12.738-03:00  INFO 14829 --- [food-system] [           main] o.hibernate.jpa.internal.util.LogHelper  : HHH000204: Processing PersistenceUnitInfo [name: default]
2024-05-09T22:47:12.760-03:00  INFO 14829 --- [food-system] [           main] org.hibernate.Version                    : HHH000412: Hibernate ORM core version 6.4.4.Final
2024-05-09T22:47:12.774-03:00  INFO 14829 --- [food-system] [           main] o.h.c.internal.RegionFactoryInitiator    : HHH000026: Second-level cache disabled
2024-05-09T22:47:12.871-03:00  INFO 14829 --- [food-system] [           main] o.s.o.j.p.SpringPersistenceUnitInfo      : No LoadTimeWeaver setup: ignoring JPA class transformer
2024-05-09T22:47:12.883-03:00  INFO 14829 --- [food-system] [           main] com.zaxxer.hikari.HikariDataSource       : HikariPool-1 - Starting...
2024-05-09T22:47:12.961-03:00  INFO 14829 --- [food-system] [           main] com.zaxxer.hikari.pool.HikariPool        : HikariPool-1 - Added connection conn0: url=jdbc:h2:mem:food-system-db user=SA
2024-05-09T22:47:12.962-03:00  INFO 14829 --- [food-system] [           main] com.zaxxer.hikari.HikariDataSource       : HikariPool-1 - Start completed.
2024-05-09T22:47:12.972-03:00  WARN 14829 --- [food-system] [           main] org.hibernate.orm.deprecation            : HHH90000025: H2Dialect does not need to be specified explicitly using 'hibernate.dialect' (remove the property setting and it will be selected by default)
2024-05-09T22:47:13.279-03:00  INFO 14829 --- [food-system] [           main] o.h.e.t.j.p.i.JtaPlatformInitiator       : HHH000489: No JTA platform available (set 'hibernate.transaction.jta.platform' to enable JTA platform integration)
Hibernate: 
    create table lanche (
        id bigint generated by default as identity,
        descricao varchar(255),
        nome varchar(255),
        valor numeric(38,2),
        primary key (id)
    )
2024-05-09T22:47:13.303-03:00  INFO 14829 --- [food-system] [           main] j.LocalContainerEntityManagerFactoryBean : Initialized JPA EntityManagerFactory for persistence unit 'default'
2024-05-09T22:47:13.535-03:00  WARN 14829 --- [food-system] [           main] JpaBaseConfiguration$JpaWebConfiguration : spring.jpa.open-in-view is enabled by default. Therefore, database queries may be performed during view rendering. Explicitly configure spring.jpa.open-in-view to disable this warning
2024-05-09T22:47:13.881-03:00  INFO 14829 --- [food-system] [           main] o.s.b.a.h2.H2ConsoleAutoConfiguration    : H2 console available at '/h2-console'. Database available at 'jdbc:h2:mem:food-system-db'
2024-05-09T22:47:13.912-03:00  INFO 14829 --- [food-system] [           main] o.s.b.a.e.web.EndpointLinksResolver      : Exposing 1 endpoint(s) beneath base path '/actuator'
2024-05-09T22:47:13.948-03:00  INFO 14829 --- [food-system] [           main] c.f.s.f.FoodSystemApplicationTests       : Started FoodSystemApplicationTests in 1.998 seconds (process running for 2.404)
]]></system-out>
  </testcase>
</testsuite>